c:\users\cfhhunt\desktop\artwork\persephone\persephone\debug\vc141.pdb
c:\users\cfhhunt\desktop\artwork\persephone\persephone\debug\vc141.idb
c:\users\cfhhunt\desktop\artwork\persephone\persephone\debug\persephone.obj
c:\users\cfhhunt\desktop\artwork\persephone\persephone\debug\heroine.obj
c:\users\cfhhunt\desktop\artwork\persephone\persephone\debug\world.obj
c:\users\cfhhunt\desktop\artwork\persephone\debug\persephone.exe
c:\users\cfhhunt\desktop\artwork\persephone\debug\persephone.ilk
c:\users\cfhhunt\desktop\artwork\persephone\debug\persephone.pdb
c:\users\cfhhunt\desktop\artwork\nrncade\persephone\persephone\debug\heroine.obj
c:\users\cfhhunt\desktop\artwork\nrncade\persephone\persephone\debug\persephone.obj
c:\users\cfhhunt\desktop\artwork\nrncade\persephone\persephone\debug\world.obj
c:\users\cfhhunt\desktop\artwork\nrncade\persephone\persephone\debug\vc141.idb
c:\users\cfhhunt\desktop\artwork\nrncade\persephone\persephone\debug\vc141.pdb
c:\users\cfhhunt\desktop\artwork\nrncade\persephone\debug\persephone.pdb
c:\users\cfhhunt\desktop\artwork\nrncade\persephone\debug\persephone.exe
c:\users\cfhhunt\desktop\artwork\nrncade\persephone\debug\persephone.ilk
c:\users\cfhhunt\desktop\artwork\nrncade\persephone\persephone\debug\persephone.tlog\cl.command.1.tlog
c:\users\cfhhunt\desktop\artwork\nrncade\persephone\persephone\debug\persephone.tlog\cl.read.1.tlog
c:\users\cfhhunt\desktop\artwork\nrncade\persephone\persephone\debug\persephone.tlog\cl.write.1.tlog
c:\users\cfhhunt\desktop\artwork\nrncade\persephone\persephone\debug\persephone.tlog\link.command.1.tlog
c:\users\cfhhunt\desktop\artwork\nrncade\persephone\persephone\debug\persephone.tlog\link.read.1.tlog
c:\users\cfhhunt\desktop\artwork\nrncade\persephone\persephone\debug\persephone.tlog\link.write.1.tlog
